{
  "stats": {
    "suites": 1,
    "tests": 4,
    "passes": 4,
    "pending": 0,
    "failures": 0,
    "start": "2021-04-03T14:21:50.112Z",
    "end": "2021-04-03T14:22:03.694Z",
    "duration": 13582,
    "testsRegistered": 4,
    "passPercent": 100,
    "pendingPercent": 0,
    "other": 0,
    "hasOther": false,
    "skipped": 0,
    "hasSkipped": false
  },
  "results": [
    {
      "uuid": "76f9d89e-9a55-4b64-8228-03526c9be84d",
      "title": "",
      "fullFile": "cypress/integration/cura.spec.js",
      "file": "cypress/integration/cura.spec.js",
      "beforeHooks": [],
      "afterHooks": [],
      "tests": [],
      "suites": [
        {
          "uuid": "ccaad9d8-9425-459d-afff-0ff321383583",
          "title": "Cura Make Appointment",
          "fullFile": "",
          "file": "",
          "beforeHooks": [],
          "afterHooks": [],
          "tests": [
            {
              "title": "Visit the URL",
              "fullTitle": "Cura Make Appointment Visit the URL",
              "timedOut": null,
              "duration": 3338,
              "state": "passed",
              "speed": "slow",
              "pass": true,
              "fail": false,
              "pending": false,
              "context": "\"videos/cura.spec.js.mp4\"",
              "code": "// cy.visit(Cypress.env('baseUrl'));\ncy.visit('https://katalon-demo-cura.herokuapp.com/');",
              "err": {},
              "uuid": "dcfd31c8-d0be-4bd4-97d4-08b7eac517ad",
              "parentUUID": "ccaad9d8-9425-459d-afff-0ff321383583",
              "isHook": false,
              "skipped": false
            },
            {
              "title": "Click on Make Appointment",
              "fullTitle": "Cura Make Appointment Click on Make Appointment",
              "timedOut": null,
              "duration": 2914,
              "state": "passed",
              "speed": "slow",
              "pass": true,
              "fail": false,
              "pending": false,
              "context": "\"videos/cura.spec.js.mp4\"",
              "code": "cy.get('#btn-make-appointment').click();\ncy.get('#txt-username').type('John Doe');\ncy.get('#txt-password').type('ThisIsNotAPassword');\ncy.get('#btn-login').click();",
              "err": {},
              "uuid": "35617978-cbae-4a21-ab84-cc6d7397421f",
              "parentUUID": "ccaad9d8-9425-459d-afff-0ff321383583",
              "isHook": false,
              "skipped": false
            },
            {
              "title": "Make Appointment",
              "fullTitle": "Cura Make Appointment Make Appointment",
              "timedOut": null,
              "duration": 2590,
              "state": "passed",
              "speed": "slow",
              "pass": true,
              "fail": false,
              "pending": false,
              "context": "\"videos/cura.spec.js.mp4\"",
              "code": "cy.get('select').select('Hongkong CURA Healthcare Center');\ncy.get('#chk_hospotal_readmission').click();\ncy.get('#radio_program_medicaid').click();\ncy.get('#txt_visit_date').type('30/03/2020');\ncy.get('#txt_comment').click({\n  force: true\n});\ncy.get('#txt_comment').type('Pramod Dutta will be avaiable at 30/03/2020');\ncy.get('#btn-book-appointment').click();",
              "err": {},
              "uuid": "88b47d82-7733-4e95-bea7-986d5b2a0de9",
              "parentUUID": "ccaad9d8-9425-459d-afff-0ff321383583",
              "isHook": false,
              "skipped": false
            },
            {
              "title": "Verify Appointment",
              "fullTitle": "Cura Make Appointment Verify Appointment",
              "timedOut": null,
              "duration": 63,
              "state": "passed",
              "speed": "medium",
              "pass": true,
              "fail": false,
              "pending": false,
              "context": "\"videos/cura.spec.js.mp4\"",
              "code": "cy.get('h2').contains('Appointment Confirmation');\ncy.get('#comment').contains('Pramod Dutta will be avaiable at 30/03/2020');",
              "err": {},
              "uuid": "dc7cc7c4-93ef-4edb-b647-e0b5c4dd90fa",
              "parentUUID": "ccaad9d8-9425-459d-afff-0ff321383583",
              "isHook": false,
              "skipped": false
            }
          ],
          "suites": [],
          "passes": [
            "dcfd31c8-d0be-4bd4-97d4-08b7eac517ad",
            "35617978-cbae-4a21-ab84-cc6d7397421f",
            "88b47d82-7733-4e95-bea7-986d5b2a0de9",
            "dc7cc7c4-93ef-4edb-b647-e0b5c4dd90fa"
          ],
          "failures": [],
          "pending": [],
          "skipped": [],
          "duration": 8905,
          "root": false,
          "rootEmpty": false,
          "_timeout": 2000
        }
      ],
      "passes": [],
      "failures": [],
      "pending": [],
      "skipped": [],
      "duration": 0,
      "root": true,
      "rootEmpty": true,
      "_timeout": 2000
    }
  ],
  "meta": {
    "mocha": {
      "version": "7.0.1"
    },
    "mochawesome": {
      "options": {
        "quiet": false,
        "reportFilename": "mochawesome",
        "saveHtml": false,
        "saveJson": true,
        "consoleReporter": "spec",
        "useInlineDiffs": false,
        "code": true
      },
      "version": "6.1.1"
    },
    "marge": {
      "options": {
        "overwrite": false,
        "html": false,
        "json": true
      },
      "version": "5.1.0"
    }
  }
}